1609341981740	geckodriver	INFO	Listening on 127.0.0.1:55214
1609341986782	mozrunner::runner	INFO	Running command: "C:\\Program Files\\Mozilla Firefox\\firefox.exe" "--marionette" "-foreground" "-no-remote" "-profile" "C:\\Users\\Cleyton\\AppData\\Local\\Temp\\rust_mozprofile4DOaYU"
Can't find symbol 'eglSwapBuffersWithDamageEXT'.
Can't find symbol 'eglSetDamageRegionKHR'.
1609342000338	Marionette	INFO	Listening on port 55225
1609342000877	Marionette	WARN	TLS certificate errors will be ignored for this session
JavaScript warning: https://web.whatsapp.com/app.6be31a9914b3f8e528be.js, line 1: unreachable code after return statement
JavaScript warning: https://web.whatsapp.com/app.6be31a9914b3f8e528be.js, line 1: unreachable code after return statement
[Parent 16596, Gecko_IOThread] WARNING: pipe error: 232: file /builds/worker/checkouts/gecko/ipc/chromium/src/chrome/common/ipc_channel_win.cc:545
[Parent 16596, Gecko_IOThread] WARNING: pipe error: 232: file /builds/worker/checkouts/gecko/ipc/chromium/src/chrome/common/ipc_channel_win.cc:545
[Parent 16596, Gecko_IOThread] WARNING: pipe error: 232: file /builds/worker/checkouts/gecko/ipc/chromium/src/chrome/common/ipc_channel_win.cc:545
1609342025343	Marionette	INFO	Stopped listening on port 55225

###!!! [Child][RunMessage] Error: Channel closing: too late to send/recv, messages will be lost

1609342106758	geckodriver	INFO	Listening on 127.0.0.1:55380
1609342112123	mozrunner::runner	INFO	Running command: "C:\\Program Files\\Mozilla Firefox\\firefox.exe" "--marionette" "-foreground" "-no-remote" "-profile" "C:\\Users\\Cleyton\\AppData\\Local\\Temp\\rust_mozprofileLPrZed"
Can't find symbol 'eglSwapBuffersWithDamageEXT'.
Can't find symbol 'eglSetDamageRegionKHR'.
1609342115579	Marionette	INFO	Listening on port 55391
1609342115832	Marionette	WARN	TLS certificate errors will be ignored for this session
JavaScript warning: https://web.whatsapp.com/app.6be31a9914b3f8e528be.js, line 1: unreachable code after return statement
JavaScript warning: https://web.whatsapp.com/app.6be31a9914b3f8e528be.js, line 1: unreachable code after return statement
1609342130258	Marionette	INFO	Stopped listening on port 55391

###!!! [Child][RunMessage] Error: Channel closing: too late to send/recv, messages will be lost

1609343469111	geckodriver	INFO	Listening on 127.0.0.1:56297
1609343474255	mozrunner::runner	INFO	Running command: "C:\\Program Files\\Mozilla Firefox\\firefox.exe" "--marionette" "-foreground" "-no-remote" "-profile" "C:\\Users\\Cleyton\\AppData\\Local\\Temp\\rust_mozprofileSdgpJu"
Can't find symbol 'eglSwapBuffersWithDamageEXT'.
Can't find symbol 'eglSetDamageRegionKHR'.
1609343477441	Marionette	INFO	Listening on port 56307
1609343477967	Marionette	WARN	TLS certificate errors will be ignored for this session
JavaScript warning: https://web.whatsapp.com/app.6be31a9914b3f8e528be.js, line 1: unreachable code after return statement
JavaScript warning: https://web.whatsapp.com/app.6be31a9914b3f8e528be.js, line 1: unreachable code after return statement
1609343479725	Marionette	INFO	Stopped listening on port 56307

###!!! [Parent][RunMessage] Error: Channel closing: too late to send/recv, messages will be lost

JavaScript error: resource://gre/modules/PageThumbUtils.jsm, line 38: TypeError: aWindow is null

###!!! [Child][RunMessage] Error: Channel closing: too late to send/recv, messages will be lost

1609343496102	geckodriver	INFO	Listening on 127.0.0.1:56352
1609343501250	mozrunner::runner	INFO	Running command: "C:\\Program Files\\Mozilla Firefox\\firefox.exe" "--marionette" "-foreground" "-no-remote" "-profile" "C:\\Users\\Cleyton\\AppData\\Local\\Temp\\rust_mozprofileQAjK7Y"
Can't find symbol 'eglSwapBuffersWithDamageEXT'.
Can't find symbol 'eglSetDamageRegionKHR'.
1609343503424	Marionette	INFO	Listening on port 56362
1609343503931	Marionette	WARN	TLS certificate errors will be ignored for this session
JavaScript warning: https://web.whatsapp.com/app.6be31a9914b3f8e528be.js, line 1: unreachable code after return statement
JavaScript warning: https://web.whatsapp.com/app.6be31a9914b3f8e528be.js, line 1: unreachable code after return statement
1609343520936	Marionette	INFO	Stopped listening on port 56362

###!!! [Child][RunMessage] Error: Channel closing: too late to send/recv, messages will be lost

1609343662215	geckodriver	INFO	Listening on 127.0.0.1:56521
1609343667724	mozrunner::runner	INFO	Running command: "C:\\Program Files\\Mozilla Firefox\\firefox.exe" "--marionette" "-foreground" "-no-remote" "-profile" "C:\\Users\\Cleyton\\AppData\\Local\\Temp\\rust_mozprofileXRhDQK"
Can't find symbol 'eglSwapBuffersWithDamageEXT'.
Can't find symbol 'eglSetDamageRegionKHR'.
1609343670424	Marionette	INFO	Listening on port 56532
1609343670911	Marionette	WARN	TLS certificate errors will be ignored for this session
JavaScript warning: https://web.whatsapp.com/app.6be31a9914b3f8e528be.js, line 1: unreachable code after return statement
JavaScript warning: https://web.whatsapp.com/app.6be31a9914b3f8e528be.js, line 1: unreachable code after return statement
console.error: Region.jsm: "Error fetching region" (new Error("TIMEOUT", "resource://gre/modules/Region.jsm", 726))
console.error: Region.jsm: "Failed to fetch region" (new Error("TIMEOUT", "resource://gre/modules/Region.jsm", 376))
[Parent 16576, Gecko_IOThread] WARNING: file /builds/worker/checkouts/gecko/ipc/chromium/src/base/process_util_win.cc:166
1609343682595	Marionette	INFO	Stopped listening on port 56532

###!!! [Child][RunMessage] Error: Channel closing: too late to send/recv, messages will be lost

1609343707455	geckodriver	INFO	Listening on 127.0.0.1:56584
1609343712479	mozrunner::runner	INFO	Running command: "C:\\Program Files\\Mozilla Firefox\\firefox.exe" "--marionette" "-foreground" "-no-remote" "-profile" "C:\\Users\\Cleyton\\AppData\\Local\\Temp\\rust_mozprofile3SJkJO"
Can't find symbol 'eglSwapBuffersWithDamageEXT'.
Can't find symbol 'eglSetDamageRegionKHR'.
1609343715028	Marionette	INFO	Listening on port 56595
1609343715150	Marionette	WARN	TLS certificate errors will be ignored for this session
JavaScript warning: https://web.whatsapp.com/app.6be31a9914b3f8e528be.js, line 1: unreachable code after return statement
JavaScript warning: https://web.whatsapp.com/app.6be31a9914b3f8e528be.js, line 1: unreachable code after return statement
console.error: Region.jsm: "Error fetching region" (new Erro1609343723721	mozrunner::runner	INFO	Running command: "C:\\Program Files\\Mozilla Firefox\\firefox.exe" "--marionette" "-foreground" "-no-remote" "-profile" "C:\\Users\\Cleyto[Parent 5216, Gecko_IOThread] WARNING: pipe error: 232: file /builds/worker/checkouts/gecko/ipc/chromium/src/chrome/common/ipc_channel_win.cc:545

###!!! [Parent][MessageChannel] Error: (msgtype=0x690008,name=PMessagePort::Msg___delete__) Channel error: cannot send/recv

[Parent 5216, Gecko_IOThread] WARNING: file /builds/worker/checkouts/gecko/ipc/chromium/src/base/process_util_win.cc:166
1609343875310	Marionette	INFO	Stopped listening on port 56595

###!!! [Child][RunMessage] Error: Channel closing: too late to send/recv, messages will be lost

ARNING: file /builds/worker/checkouts/gecko/ipc/chromium/src/base/process_util_win.cc:166
1609343744561	Marionette	INFO	Stopped listening on port 56639

###!!! [Child][RunMessage] Error: Channel closing: too late to send/recv, messages will be lost

1609343781766	geckodriver	INFO	Listening on 127.0.0.1:56715
1609343786831	mozrunner::runner	INFO	Running command: "C:\\Program Files\\Mozilla Firefox\\firefox.exe" "--marionette" "-foreground" "-no-remote" "-profile" "C:\\Users\\Cleyton\\AppData\\Local\\Temp\\rust_mozprofileuCGkfd"
Can't find symbol 'eglSwapBuffersWithDamageEXT'.
Can't find symbol 'eglSetDamageRegionKHR'.
1609343789829	Marionette	INFO	Listening on port 56725
1609343790026	Marionette	WARN	TLS certificate errors will be ignored for this session
JavaScript warning: https://web.whatsapp.com/app.6be31a9914b3f8e528be.js, line 1: unreachable code after return statement
JavaScript warning: https://web.whatsapp.com/app.6be31a9914b3f8e528be.js, line 1: unreachable code after return statement
[Parent 19120, Gecko_IOThread] WARNING: file /builds/worker/checkouts/gecko/ipc/chromium/src/base/process_util_win.cc:166
1609343808584	Marionette	INFO	Stopped listening on port 56725

###!!! [Child][RunMessage] Error: Channel closing: too late to send/recv, messages will be lost

1609343864481	geckodriver	INFO	Listening on 127.0.0.1:56800
1609343869543	mozrunner::runner	INFO	Running command: "C:\\Program Files\\Mozilla Firefox\\firefox.exe" "--marionette" "-foreground" "-no-remote" "-profile" "C:\\Users\\Cleyton\\AppData\\Local\\Temp\\rust_mozprofile3RthUF"
Can't find symbol 'eglSwapBuffersWithDamageEXT'.
Can't find symbol 'eglSetDamageRegionKHR'.
1609343871734	Marionette	INFO	Listening on port 56810
1609343872236	Marionette	WARN	TLS certificate errors will be ignored for this session
JavaScript warning: https://web.whatsapp.com/app.6be31a9914b3f8e528be.js, line 1: unreachable code after return statement
JavaScript warning: https://web.whatsapp.com/app.6be31a9914b3f8e528be.js, line 1: unreachable code after return statement

###!!! [Parent][RunMessage] Error: Channel closing: too la1609343880748	mozrunner::runner	INFO	Running command: "C:\\Program Files\\Mozilla Firefox\\firefox.exe" "--marionette" "-foreground" "-no-remote" "-profile" "C:\\Users\\Cleyton\\AppData\\Local\\Temp\\rust_mozprofileBEMp2S"
Can't find symbol 'eglSwapBuffersWithDamageEXT'.
Can't find symbol 'eglSetDamageRegionKHR'.
1609343883003	Marionette	INFO	Listening on port 56866
1609343883433	Marionette	WARN	TLS certificate errors will be ignored for this session
JavaScript warning: https://web.whatsapp.com/app.6be31a9914b3f8e528be.js, line 1: unreachable code after return statement
JavaScript warning: https://web.whatsapp.com/app.6be31a9914b3f8e528be.js, line 1: unreachable code after return statement
1609343964398	Marionette	INFO	Stopped listening on port 56866

###!!! [Child][RunMessage] Error: Channel closing: too late to send/recv, messages will be lost

"--marionette" "-foreground" "-no-remote" "-profile" "C:\\Users\\Cleyton\\AppData\\Local\\Temp\\rust_mozprofileOWA4KL"
Can't find symbol 'eglSwapBuffersWithDamageEXT'.
Can't find symbol 'eglSetDamageRegionKHR'.
1609343915319	Marionette	INFO	Listening on port 56936
1609343915653	Marionette	WARN	TLS certificate errors will be ignored for this session
JavaScript warning: https://web.whatsapp.com/app.6be31a9914b3f8e528be.js, line 1: unreachable code after return statement
JavaScript warning: https://web.whatsapp.com/app.6be31a9914b3f8e528be.js, line 1: unreachable code after return statement

###!!! [Parent][RunMessage] Error: Channel closing: too late to send/recv, messages will be lost

[Parent 13164, Gecko_IOThread] WARNING: pipe error: 232: file /builds/worker/checkouts/gecko/ipc/chromium/src/chrome/common/ipc_channel_win.cc:545
1609343961723	Marionette	INFO	Stopped listening on port 56936

###!!! [Child][RunMessage] Error: Channel closing: too late to send/recv, messages will be lost

ng on port 56994
1609343929182	Marionette	WARN	TLS certificate errors will be ignored for this session
JavaScript warning: https://web.whatsapp.com/app.6be31a9914b3f8e528be.js, line 1: unreachable code after return statement
JavaScript warning: https://web.whatsapp.com/app.6be31a9914b3f8e528be.js, line 1: unreachable code after return statement
1609343965473	Marionette	INFO	Stopped listening on port 56994
1609343990768	geckodriver	INFO	Listening on 127.0.0.1:57077
1609343995830	mozrunner::runner	INFO	Running command: "C:\\Program Files\\Mozilla Firefox\\firefox.exe" "--marionette" "-foreground" "-no-remote" "-profile" "C:\\Users\\Cleyton\\AppData\\Local\\Temp\\rust_mozprofileA5bOBw"
Can't find symbol 'eglSwapBuffersWithDamageEXT'.
Can't find symbol 'eglSetDamageRegionKHR'.
1609343999132	Marionette	INFO	Listening on port 57087
1609343999534	Marionette	WARN	TLS certificate errors will be ignored for this session
JavaScript warning: https://web.whatsapp.com/app.6be31a9914b3f8e528be.js, line 1: unreachable code after return statement
JavaScript warning: https://web.whatsapp.com/app.6be31a9914b3f8e528be.js, line 1: unreachable code after return statement
console.error: Region.jsm: "Error fetching region" (new Error("TIMEOUT", "resource://gre/modules/Region.jsm", 726))
console.error: Region.jsm: "Failed to fetch region" (new Error("TIMEOUT", "resource://gre/modules/Region.jsm", 376))
1609344006544	Marionette	INFO	Stopped listening on port 57087

###!!! [Child][RunMessage] Error: Channel closing: too late to send/recv, messages will be lost

1609344080442	geckodriver	INFO	Listening on 127.0.0.1:57169
1609344085404	mozrunner::runner	INFO	Running command: "C:\\Program Files\\Mozilla Firefox\\firefox.exe" "--marionette" "-foreground" "-no-remote" "-profile" "C:\\Users\\Cleyton\\AppData\\Local\\Temp\\rust_mozprofilehDXWZf"
Can't find symbol 'eglSwapBuffersWithDamageEXT'.
Can't find symbol 'eglSetDamageRegionKHR'.
1609344087379	Marionette	INFO	Listening on port 57180
1609344087481	Marionette	WARN	TLS certificate errors will be ignored for this session
JavaScript warning: https://web.whatsapp.com/app.6be31a9914b3f8e528be.js, line 1: unreachable code after return statement
JavaScript warning: https://web.whatsapp.com/app.6be31a9914b3f8e528be.js, line 1: unreachable code after return statement
1609344091863	Marionette	INFO	Stopped listening on port 57180
1609344378649	geckodriver	INFO	Listening on 127.0.0.1:57383
1609344383744	mozrunner::runner	INFO	Running command: "C:\\Program Files\\Mozilla Firefox\\firefox.exe" "--marionette" "-foreground" "-no-remote" "-profile" "C:\\Users\\Cleyton\\AppData\\Local\\Temp\\rust_mozprofileXSTuCy"
Can't find symbol 'eglSwapBuffersWithDamageEXT'.
Can't find symbol 'eglSetDamageRegionKHR'.
1609344385833	Marionette	INFO	Listening on port 57394
1609344385938	Marionette	WARN	TLS certificate errors will be ignored for this session
JavaScript warning: https://web.whatsapp.com/app.6be31a9914b3f8e528be.js, line 1: unreachable code after return statement
JavaScript warning: https://web.whatsapp.com/app.6be31a9914b3f8e528be.js, line 1: unreachable code after return statement
1609344393094	Marionette	INFO	Stopped listening on port 57394
[Parent 17484, Gecko_IOThread] WARNING: file /builds/worker/checkouts/gecko/ipc/chromium/src/base/process_util_win.cc:166
[Child 19748, Chrome_ChildThread] WARNING: pipe error: 232: file /builds/worker/checkouts/gecko/ipc/chromium/src/chrome/common/ipc_channel_win.cc:545
[Parent 17484, Gecko_IOThread] WARNING: file /builds/worker/checkouts/gecko/ipc/chromium/src/base/process_util_win.cc:166

###!!! [Child][RunMessage] Error: Channel closing: too late to send/recv, messages will be lost

1609344397742	geckodriver	INFO	Listening on 127.0.0.1:57447
1609344402741	mozrunner::runner	INFO	Running command: "C:\\Program Files\\Mozilla Firefox\\firefox.exe" "--marionette" "-foreground" "-no-remote" "-profile" "C:\\Users\\Cleyton\\AppData\\Local\\Temp\\rust_mozprofile01QZcS"
Can't find symbol 'eglSwapBuffersWithDamageEXT'.
Can't find symbol 'eglSetDamageRegionKHR'.
1609344404828	Marionette	INFO	Listening on port 57457
1609344404940	Marionette	WARN	TLS certificate errors will be ignored for this session
JavaScript warning: https://web.whatsapp.com/app.6be31a9914b3f8e528be.js, line 1: unreachable code after return statement
JavaScript warning: https://web.whatsapp.com/app.6be31a9914b3f8e528be.js, line 1: unreachable code after return statement
[Parent 9440, Gecko_IOThread] WARNING: file /builds/worker/checkouts/gecko/ipc/chromium/src/base/process_util_win.cc:166
JavaScript error: resource://gre/modules/PageThumbUtils.jsm, line 38: TypeError: aWindow is null
1609344407920	Marionette	INFO	Stopped listening on port 57457

###!!! [Child][RunMessage] Error: Channel closing: too late to send/recv, messages will be lost

1609344515904	geckodriver	INFO	Listening on 127.0.0.1:57555
1609344520906	mozrunner::runner	INFO	Running command: "C:\\Program Files\\Mozilla Firefox\\firefox.exe" "--marionette" "-foreground" "-no-remote" "-profile" "C:\\Users\\Cleyton\\AppData\\Local\\Temp\\rust_mozprofileTQmFLz"
Can't find symbol 'eglSwapBuffersWithDamageEXT'.
Can't find symbol 'eglSetDamageRegionKHR'.
1609344523032	Marionette	INFO	Listening on port 57565
1609344523095	Marionette	WARN	TLS certificate errors will be ignored for this session
JavaScript warning: https://web.whatsapp.com/app.6be31a9914b3f8e528be.js, line 1: unreachable code after return statement
JavaScript warning: https://web.whatsapp.com/app.6be31a9914b3f8e528be.js, line 1: unreachable code after return statement
JavaScript error: resource://gre/modules/PageThumbUtils.jsm, line 38: TypeError: aWindow is null
[Parent 16792, Gecko_IOThread] WARNING: file /builds/worker/checkouts/gecko/ipc/chromium/src/base/process_util_win.cc:166
1609344526462	Marionette	INFO	Stopped listening on port 57565

###!!! [Child][RunMessage] Error: Channel closing: too late to send/recv, messages will be lost

1609344543790	geckodriver	INFO	Listening on 127.0.0.1:57608
1609344548748	mozrunner::runner	INFO	Running command: "C:\\Program Files\\Mozilla Firefox\\firefox.exe" "--marionette" "-foreground" "-no-remote" "-profile" "C:\\Users\\Cleyton\\AppData\\Local\\Temp\\rust_mozprofiledkIOb6"
Can't find symbol 'eglSwapBuffersWithDamageEXT'.
Can't find symbol 'eglSetDamageRegionKHR'.
1609344550810	Marionette	INFO	Listening on port 57619
1609344550929	Marionette	WARN	TLS certificate errors will be ignored for this session
JavaScript warning: https://web.whatsapp.com/app.6be31a9914b3f8e528be.js, line 1: unreachable code after return statement
JavaScript warning: https://web.whatsapp.com/app.6be31a9914b3f8e528be.js, line 1: unreachable code after return statement
1609344560606	Marionette	INFO	Stopped listening on port 57619
JavaScript error: resource://gre/modules/UrlClassifierListManager.jsm, line 691: TypeError: this.tablesData[table] is undefined
[Parent 18476, Gecko_IOThread] WARNING: file /builds/worker/checkouts/gecko/ipc/chromium/src/base/process_util_win.cc:166
JavaScript error: , line 0: NetworkError: FetchEvent.respondWith() Promise rejected
JavaScript error: , line 0: NetworkError: FetchEvent.respondWith() Promise rejected
JavaScript error: , line 0: NetworkError: FetchEvent.respondWith() Promise rejected
JavaScript error: , line 0: NetworkError: FetchEvent.respondWith() Promise rejected
JavaScript error: , line 0: NetworkError: FetchEvent.respondWith() Promise rejected
[Parent 18476, Gecko_IOThread] WARNING: file /builds/worker/checkouts/gecko/ipc/chromium/src/base/process_util_win.cc:166

###!!! [Child][RunMessage] Error: Channel closing: too late to send/recv, messages will be lost

1609344642387	geckodriver	INFO	Listening on 127.0.0.1:57714
1609344647420	mozrunner::runner	INFO	Running command: "C:\\Program Files\\Mozilla Firefox\\firefox.exe" "--marionette" "-foreground" "-no-remote" "-profile" "C:\\Users\\Cleyton\\AppData\\Local\\Temp\\rust_mozprofileA0lEEy"
Can't find symbol 'eglSwapBuffersWithDamageEXT'.
Can't find symbol 'eglSetDamageRegionKHR'.
1609344649542	Marionette	INFO	Listening on port 57724
1609344649611	Marionette	WARN	TLS certificate errors will be ignored for this session
JavaScript warning: https://web.whatsapp.com/app.6be31a9914b3f8e528be.js, line 1: unreachable code after return statement
JavaScript warning: https://web.whatsapp.com/app.6be31a9914b3f8e528be.js, line 1: unreachable code after return statement
JavaScript warning: https://web.whatsapp.com/app.6be31a9914b3f8e528be.js, line 1: unreachable code after return statement
JavaScript warning: https://web.whatsapp.com/app.6be31a9914b3f8e528be.js, line 1: unreachable code after return statement

###!!! [Parent][MessageChannel] Error: (msgtype=0x690008,name=PMessagePort::Msg___delete__) Channel closing: too late to send/recv, messages will be lost

IPDL protocol error: Handler returned error code!

###!!! [Parent][DispatchAsyncMessage] Error: PMessagePort::Msg_PostMessages Processing error: message was deserialized, but the handler returned false (indicating failure)

JavaScript warning: https://web.whatsapp.com/app.6be31a9914b3f8e528be.js, line 1: unreachable code after return statement
JavaScript warning: https://web.whatsapp.com/app.6be31a9914b3f8e528be.js, line 1: unreachable code after return statement
JavaScript warning: https://web.whatsapp.com/app.6be31a9914b3f8e528be.js, line 1: unreachable code after return statement
JavaScript warning: https://web.whatsapp.com/app.6be31a9914b3f8e528be.js, line 1: unreachable code after return statement
1609344673843	Marionette	INFO	Stopped listening on port 57724

###!!! [Child][RunMessage] Error: Channel closing: too late to send/recv, messages will be lost


###!!! [Child][RunMessage] Error: Channel closing: too late to send/recv, messages will be lost

1609347643142	geckodriver	INFO	Listening on 127.0.0.1:50285
1609347648185	mozrunner::runner	INFO	Running command: "C:\\Program Files\\Mozilla Firefox\\firefox.exe" "--marionette" "-foreground" "-no-remote" "-profile" "C:\\Users\\Cleyton\\AppData\\Local\\Temp\\rust_mozprofilekJGMIW"
Can't find symbol 'eglSwapBuffersWithDamageEXT'.
Can't find symbol 'eglSetDamageRegionKHR'.
1609347651545	Marionette	INFO	Listening on port 50296
1609347651921	Marionette	WARN	TLS certificate errors will be ignored for this session
JavaScript warning: https://web.whatsapp.com/app.6be31a9914b3f8e528be.js, line 1: unreachable code after return statement
JavaScript warning: https://web.whatsapp.com/app.6be31a9914b3f8e528be.js, line 1: unreachable code after return statement
JavaScript warning: https://web.whatsapp.com/app.6be31a9914b3f8e528be.js, line 1: unreachable code after return statement
JavaScript warning: https://web.whatsapp.com/app.6be31a9914b3f8e528be.js, line 1: unreachable code after return statement
IPDL protocol error: Handler returned error code!

###!!! [Parent][DispatchAsyncMessage] Error: PMessagePort::Msg_PostMessages Processing error: message was deserialized, but the handler returned false (indicating failure)

JavaScript warning: https://web.whatsapp.com/app.6be31a9914b3f8e528be.js, line 1: unreachable code after return statement
JavaScript warning: https://web.whatsapp.com/app.6be31a9914b3f8e528be.js, line 1: unreachable code after return statement
1609347672847	Marionette	INFO	Stopped listening on port 50296
[Parent 13644, Gecko_IOThread] WARNING: file /builds/worker/checkouts/gecko/ipc/chromium/src/base/process_util_win.cc:166
1609347722234	geckodriver	INFO	Listening on 127.0.0.1:50386
1609347727493	mozrunner::runner	INFO	Running command: "C:\\Program Files\\Mozilla Firefox\\firefox.exe" "--marionette" "-foreground" "-no-remote" "-profile" "C:\\Users\\Cleyton\\AppData\\Local\\Temp\\rust_mozprofilefF5Om4"
Can't find symbol 'eglSwapBuffersWithDamageEXT'.
Can't find symbol 'eglSetDamageRegionKHR'.
1609347730033	Marionette	INFO	Listening on port 50398
1609347730206	Marionette	WARN	TLS certificate errors will be ignored for this session
JavaScript warning: https://web.whatsapp.com/app.6be31a9914b3f8e528be.js, line 1: unreachable code after return statement
JavaScript warning: https://web.whatsapp.com/app.6be31a9914b3f8e528be.js, line 1: unreachable code after return statement
JavaScript warning: https://web.whatsapp.com/app.6be31a9914b3f8e528be.js, line 1: unreachable code after return statement
JavaScript warning: https://web.whatsapp.com/app.6be31a9914b3f8e528be.js, line 1: unreachable code after return statement
IPDL protocol error: Handler returned error code!

###!!! [Parent][DispatchAsyncMessage] Error: PMessagePort::Msg_PostMessages Processing error: message was deserialized, but the handler returned false (indicating failure)

JavaScript warning: https://web.whatsapp.com/app.6be31a9914b3f8e528be.js, line 1: unreachable code after return statement
JavaScript warning: https://web.whatsapp.com/app.6be31a9914b3f8e528be.js, line 1: unreachable code after return statement
1609347749553	Marionette	INFO	Stopped listening on port 50398

###!!! [Parent][RunMessage] Error: Channel closing: too late to send/recv, messages will be lost

[Parent 3092, Gecko_IOThread] WARNING: file /builds/worker/checkouts/gecko/ipc/chromium/src/base/process_util_win.cc:166
[Parent 3092, Gecko_IOThread] WARNING: file /builds/worker/checkouts/gecko/ipc/chromium/src/base/process_util_win.cc:166

###!!! [Child][RunMessage] Error: Channel closing: too late to send/recv, messages will be lost

1609347769721	geckodriver	INFO	Listening on 127.0.0.1:50465
1609347775043	mozrunner::runner	INFO	Running command: "C:\\Program Files\\Mozilla Firefox\\firefox.exe" "--marionette" "-headless" "-foreground" "-no-remote" "-profile" "C:\\Users\\Cleyton\\AppData\\Local\\Temp\\rust_mozprofilezUjwwo"
*** You are running in headless mode.
1609347777575	Marionette	INFO	Listening on port 50475
1609347777728	Marionette	WARN	TLS certificate errors will be ignored for this session
JavaScript warning: https://web.whatsapp.com/app.6be31a9914b3f8e528be.js, line 1: unreachable code after return statement
JavaScript warning: https://web.whatsapp.com/app.6be31a9914b3f8e528be.js, line 1: unreachable code after return statement
JavaScript warning: https://web.whatsapp.com/app.6be31a9914b3f8e528be.js, line 1: unreachable code after return statement
JavaScript warning: https://web.whatsapp.com/app.6be31a9914b3f8e528be.js, line 1: unreachable code after return statement
IPDL protocol error: Handler returned error code!

###!!! [Parent][DispatchAsyncMessage] Error: PMessagePort::Msg_PostMessages Processing error: message was deserialized, but the handler returned false (indicating failure)

JavaScript warning: https://web.whatsapp.com/app.6be31a9914b3f8e528be.js, line 1: unreachable code after return statement
JavaScript warning: https://web.whatsapp.com/app.6be31a9914b3f8e528be.js, line 1: unreachable code after return statement
1609347798423	Marionette	INFO	Stopped listening on port 50475
JavaScript error: , line 0: NetworkError: FetchEvent.respondWith() Promise rejected
JavaScript error: , line 0: NetworkError: FetchEvent.respondWith() Promise rejected
JavaScript error: , line 0: NetworkError: FetchEvent.respondWith() Promise rejected
JavaScript error: , line 0: NetworkError: FetchEvent.respondWith() Promise rejected
JavaScript error: , line 0: NetworkError: FetchEvent.respondWith() Promise rejected
JavaScript error: , line 0: NetworkError: FetchEvent.respondWith() Promise rejected
JavaScript error: , line 0: NetworkError: FetchEvent.respondWith() Promise rejected
JavaScript error: , line 0: NetworkError: FetchEvent.respondWith() Promise rejected
JavaScript error: , line 0: NetworkError: FetchEvent.respondWith() Promise rejected
JavaScript error: , line 0: NetworkError: FetchEvent.respondWith() Promise rejected
JavaScript error: , line 0: NetworkError: FetchEvent.respondWith() Promise rejected
[Parent 19000, Gecko_IOThread] WARNING: file /builds/worker/checkouts/gecko/ipc/chromium/src/base/process_util_win.cc:166
1609347850280	geckodriver	INFO	Listening on 127.0.0.1:50557
1609347855431	mozrunner::runner	INFO	Running command: "C:\\Program Files\\Mozilla Firefox\\firefox.exe" "--marionette" "-headless" "-foreground" "-no-remote" "-profile" "C:\\Users\\Cleyton\\AppData\\Local\\Temp\\rust_mozprofileu34OWY"
*** You are running in headless mode.
1609347857836	Marionette	INFO	Listening on port 50568
1609347858102	Marionette	WARN	TLS certificate errors will be ignored for this session
JavaScript warning: https://web.whatsapp.com/app.6be31a9914b3f8e528be.js, line 1: unreachable code after return statement
JavaScript warning: https://web.whatsapp.com/app.6be31a9914b3f8e528be.js, line 1: unreachable code after return statement
JavaScript warning: https://web.whatsapp.com/app.6be31a9914b3f8e528be.js, line 1: unreachable code after return statement
JavaScript warning: https://web.whatsapp.com/app.6be31a9914b3f8e528be.js, line 1: unreachable code after return statement
IPDL protocol error: Handler returned error code!

###!!! [Parent][DispatchAsyncMessage] Error: PMessagePort::Msg_PostMessages Processing error: message was deserialized, but the handler returned false (indicating failure)

JavaScript warning: https://web.whatsapp.com/app.6be31a9914b3f8e528be.js, line 1: unreachable code after return statement
JavaScript warning: https://web.whatsapp.com/app.6be31a9914b3f8e528be.js, line 1: unreachable code after return statement
1609347878019	Marionette	INFO	Stopped listening on port 50568
[Parent 12588, Gecko_IOThread] WARNING: pipe error: 232: file /builds/worker/checkouts/gecko/ipc/chromium/src/chrome/common/ipc_channel_win.cc:545
1609350994311	geckodriver	INFO	Listening on 127.0.0.1:52639
1609351000468	mozrunner::runner	INFO	Running command: "C:\\Program Files\\Mozilla Firefox\\firefox.exe" "--marionette" "-headless" "-foreground" "-no-remote" "-profile" "C:\\Users\\Cleyton\\AppData\\Local\\Temp\\rust_mozprofileLaRQm5"
*** You are running in headless mode.
1609351003369	Marionette	INFO	Listening on port 52651
1609351003650	Marionette	WARN	TLS certificate errors will be ignored for this session
JavaScript warning: https://web.whatsapp.com/app.6be31a9914b3f8e528be.js, line 1: unreachable code after return statement
JavaScript warning: https://web.whatsapp.com/app.6be31a9914b3f8e528be.js, line 1: unreachable code after return statement
JavaScript warning: https://web.whatsapp.com/app.6be31a9914b3f8e528be.js, line 1: unreachable code after return statement
JavaScript warning: https://web.whatsapp.com/app.6be31a9914b3f8e528be.js, line 1: unreachable code after return statement
1609351060102	Marionette	INFO	Stopped listening on port 52651
IPDL protocol error: Handler returned error code!

###!!! [Parent][DispatchAsyncMessage] Error: PMessagePort::Msg_PostMessages Processing error: message was deserialized, but the handler returned false (indicating failure)

1609361769944	geckodriver	INFO	Listening on 127.0.0.1:55328
1609361775569	mozrunner::runner	INFO	Running command: "C:\\Program Files\\Mozilla Firefox\\firefox.exe" "--marionette" "-headless" "-foreground" "-no-remote" "-profile" "C:\\Users\\Cleyton\\AppData\\Local\\Temp\\rust_mozprofilejoNv0P"
*** You are running in headless mode.
1609361777670	Marionette	INFO	Listening on port 55337
1609361777752	Marionette	WARN	TLS certificate errors will be ignored for this session
JavaScript warning: https://web.whatsapp.com/app.6be31a9914b3f8e528be.js, line 1: unreachable code after return statement
JavaScript warning: https://web.whatsapp.com/app.6be31a9914b3f8e528be.js, line 1: unreachable code after return statement
1609361782774	Marionette	INFO	Stopped listening on port 55337
JavaScript error: , line 0: NetworkError: FetchEvent.respondWith() Promise rejected
JavaScript error: , line 0: NetworkError: FetchEvent.respondWith() Promise rejected
JavaScript error: , line 0: NetworkError: FetchEvent.respondWith() Promise rejected
JavaScript error: , line 0: NetworkError: FetchEvent.respondWith() Promise rejected
JavaScript error: , line 0: NetworkError: FetchEvent.respondWith() Promise rejected
JavaScript error: , line 0: NetworkError: FetchEvent.respondWith() Promise rejected
JavaScript error: , line 0: NetworkError: FetchEvent.respondWith() Promise rejected
JavaScript error: , line 0: NetworkError: FetchEvent.respondWith() Promise rejected
JavaScript error: , line 0: NetworkError: FetchEvent.respondWith() Promise rejected
JavaScript error: , line 0: NetworkError: FetchEvent.respondWith() Promise rejected
JavaScript error: , line 0: NetworkError: FetchEvent.respondWith() Promise rejected
JavaScript error: , line 0: NetworkError: FetchEvent.respondWith() Promise rejected
JavaScript error: , line 0: NetworkError: FetchEvent.respondWith() Promise rejected
JavaScript error: , line 0: NetworkError: FetchEvent.respondWith() Promise rejected
JavaScript error: , line 0: NetworkError: FetchEvent.respondWith() Promise rejected
JavaScript error: , line 0: NetworkError: FetchEvent.respondWith() Promise rejected
JavaScript error: , line 0: NetworkError: FetchEvent.respondWith() Promise rejected
JavaScript error: , line 0: NetworkError: FetchEvent.respondWith() Promise rejected
JavaScript error: , line 0: NetworkError: FetchEvent.respondWith() Promise rejected
JavaScript error: , line 0: NetworkError: FetchEvent.respondWith() Promise rejected
JavaScript error: , line 0: NetworkError: FetchEvent.respondWith() Promise rejected
JavaScript error: , line 0: NetworkError: FetchEvent.respondWith() Promise rejected
JavaScript error: , line 0: NetworkError: FetchEvent.respondWith() Promise rejected
JavaScript error: , line 0: NetworkError: FetchEvent.respondWith() Promise rejected
JavaScript error: , line 0: NetworkError: FetchEvent.respondWith() Promise rejected
JavaScript error: , line 0: NetworkError: FetchEvent.respondWith() Promise rejected
JavaScript error: , line 0: NetworkError: FetchEvent.respondWith() Promise rejected
JavaScript error: , line 0: NetworkError: FetchEvent.respondWith() Promise rejected
JavaScript error: , line 0: NetworkError: FetchEvent.respondWith() Promise rejected
JavaScript error: , line 0: NetworkError: FetchEvent.respondWith() Promise rejected
JavaScript error: , line 0: NetworkError: FetchEvent.respondWith() Promise rejected
JavaScript error: , line 0: NetworkError: FetchEvent.respondWith() Promise rejected
JavaScript error: , line 0: NetworkError: FetchEvent.respondWith() Promise rejected
JavaScript error: , line 0: NetworkError: FetchEvent.respondWith() Promise rejected
JavaScript error: , line 0: NetworkError: FetchEvent.respondWith() Promise rejected
JavaScript error: , line 0: NetworkError: FetchEvent.respondWith() Promise rejected
JavaScript error: , line 0: NetworkError: FetchEvent.respondWith() Promise rejected
JavaScript error: , line 0: NetworkError: FetchEvent.respondWith() Promise rejected
JavaScript error: , line 0: NetworkError: FetchEvent.respondWith() Promise rejected
JavaScript error: , line 0: NetworkError: FetchEvent.respondWith() Promise rejected
JavaScript error: , line 0: NetworkError: FetchEvent.respondWith() Promise rejected
JavaScript error: , line 0: NetworkError: FetchEvent.respondWith() Promise rejected
JavaScript error: , line 0: NetworkError: FetchEvent.respondWith() Promise rejected
JavaScript error: , line 0: NetworkError: FetchEvent.respondWith() Promise rejected
JavaScript error: , line 0: NetworkError: FetchEvent.respondWith() Promise rejected
JavaScript error: , line 0: NetworkError: FetchEvent.respondWith() Promise rejected
JavaScript error: , line 0: NetworkError: FetchEvent.respondWith() Promise rejected
JavaScript error: , line 0: NetworkError: FetchEvent.respondWith() Promise rejected
JavaScript error: , line 0: NetworkError: FetchEvent.respondWith() Promise rejected
JavaScript error: , line 0: NetworkError: FetchEvent.respondWith() Promise rejected
JavaScript error: , line 0: NetworkError: FetchEvent.respondWith() Promise rejected
JavaScript error: , line 0: NetworkError: FetchEvent.respondWith() Promise rejected
JavaScript error: , line 0: NetworkError: FetchEvent.respondWith() Promise rejected
JavaScript error: , line 0: NetworkError: FetchEvent.respondWith() Promise rejected
JavaScript error: , line 0: NetworkError: FetchEvent.respondWith() Promise rejected
JavaScript error: , line 0: NetworkError: FetchEvent.respondWith() Promise rejected
JavaScript error: , line 0: NetworkError: FetchEvent.respondWith() Promise rejected
JavaScript error: , line 0: NetworkError: FetchEvent.respondWith() Promise rejected
JavaScript error: , line 0: NetworkError: FetchEvent.respondWith() Promise rejected
JavaScript error: , line 0: NetworkError: FetchEvent.respondWith() Promise rejected
JavaScript error: , line 0: NetworkError: FetchEvent.respondWith() Promise rejected
JavaScript error: , line 0: NetworkError: FetchEvent.respondWith() Promise rejected
JavaScript error: , line 0: NetworkError: FetchEvent.respondWith() Promise rejected
JavaScript error: , line 0: NetworkError: FetchEvent.respondWith() Promise rejected
JavaScript error: , line 0: NetworkError: FetchEvent.respondWith() Promise rejected
JavaScript error: , line 0: NetworkError: FetchEvent.respondWith() Promise rejected
JavaScript error: , line 0: NetworkError: FetchEvent.respondWith() Promise rejected
JavaScript error: , line 0: NetworkError: FetchEvent.respondWith() Promise rejected
JavaScript error: , line 0: NetworkError: FetchEvent.respondWith() Promise rejected
JavaScript error: , line 0: NetworkError: FetchEvent.respondWith() Promise rejected
JavaScript error: , line 0: NetworkError: FetchEvent.respondWith() Promise rejected
JavaScript error: , line 0: NetworkError: FetchEvent.respondWith() Promise rejected
1609361865879	geckodriver	INFO	Listening on 127.0.0.1:55402
1609361871094	mozrunner::runner	INFO	Running command: "C:\\Program Files\\Mozilla Firefox\\firefox.exe" "--marionette" "-headless" "-foreground" "-no-remote" "-profile" "C:\\Users\\Cleyton\\AppData\\Local\\Temp\\rust_mozprofile9eX0m9"
*** You are running in headless mode.
1609361873082	Marionette	INFO	Listening on port 55410
1609361873162	Marionette	WARN	TLS certificate errors will be ignored for this session
JavaScript warning: https://web.whatsapp.com/app.6be31a9914b3f8e528be.js, line 1: unreachable code after return statement
JavaScript warning: https://web.whatsapp.com/app.6be31a9914b3f8e528be.js, line 1: unreachable code after return statement
1609361879054	Marionette	INFO	Stopped listening on port 55410
JavaScript error: , line 0: NetworkError: FetchEvent.respondWith() Promise rejected
JavaScript error: , line 0: NetworkError: FetchEvent.respondWith() Promise rejected
JavaScript error: , line 0: NetworkError: FetchEvent.respondWith() Promise rejected
JavaScript error: , line 0: NetworkError: FetchEvent.respondWith() Promise rejected
JavaScript error: , line 0: NetworkError: FetchEvent.respondWith() Promise rejected
JavaScript error: , line 0: NetworkError: FetchEvent.respondWith() Promise rejected
JavaScript error: , line 0: NetworkError: FetchEvent.respondWith() Promise rejected
JavaScript error: , line 0: NetworkError: FetchEvent.respondWith() Promise rejected
JavaScript error: , line 0: NetworkError: FetchEvent.respondWith() Promise rejected
JavaScript error: , line 0: NetworkError: FetchEvent.respondWith() Promise rejected
JavaScript error: , line 0: NetworkError: FetchEvent.respondWith() Promise rejected
JavaScript error: , line 0: NetworkError: FetchEvent.respondWith() Promise rejected
JavaScript error: , line 0: NetworkError: FetchEvent.respondWith() Promise rejected
JavaScript error: , line 0: NetworkError: FetchEvent.respondWith() Promise rejected
JavaScript error: , line 0: NetworkError: FetchEvent.respondWith() Promise rejected
JavaScript error: , line 0: NetworkError: FetchEvent.respondWith() Promise rejected
JavaScript error: , line 0: NetworkError: FetchEvent.respondWith() Promise rejected
JavaScript error: , line 0: NetworkError: FetchEvent.respondWith() Promise rejected
JavaScript error: , line 0: NetworkError: FetchEvent.respondWith() Promise rejected
JavaScript error: , line 0: NetworkError: FetchEvent.respondWith() Promise rejected
JavaScript error: , line 0: NetworkError: FetchEvent.respondWith() Promise rejected
JavaScript error: , line 0: NetworkError: FetchEvent.respondWith() Promise rejected
JavaScript error: , line 0: NetworkError: FetchEvent.respondWith() Promise rejected
JavaScript error: , line 0: NetworkError: FetchEvent.respondWith() Promise rejected
JavaScript error: , line 0: NetworkError: FetchEvent.respondWith() Promise rejected
JavaScript error: , line 0: NetworkError: FetchEvent.respondWith() Promise rejected
JavaScript error: , line 0: NetworkError: FetchEvent.respondWith() Promise rejected
JavaScript error: , line 0: NetworkError: FetchEvent.respondWith() Promise rejected
JavaScript error: , line 0: NetworkError: FetchEvent.respondWith() Promise rejected
JavaScript error: , line 0: NetworkError: FetchEvent.respondWith() Promise rejected
JavaScript error: , line 0: NetworkError: FetchEvent.respondWith() Promise rejected
JavaScript error: , line 0: NetworkError: FetchEvent.respondWith() Promise rejected
JavaScript error: , line 0: NetworkError: FetchEvent.respondWith() Promise rejected
JavaScript error: , line 0: NetworkError: FetchEvent.respondWith() Promise rejected
JavaScript error: , line 0: NetworkError: FetchEvent.respondWith() Promise rejected
JavaScript error: , line 0: NetworkError: FetchEvent.respondWith() Promise rejected
JavaScript error: , line 0: NetworkError: FetchEvent.respondWith() Promise rejected
JavaScript error: , line 0: NetworkError: FetchEvent.respondWith() Promise rejected
JavaScript error: , line 0: NetworkError: FetchEvent.respondWith() Promise rejected
JavaScript error: , line 0: NetworkError: FetchEvent.respondWith() Promise rejected
JavaScript error: , line 0: NetworkError: FetchEvent.respondWith() Promise rejected
JavaScript error: , line 0: NetworkError: FetchEvent.respondWith() Promise rejected
JavaScript error: , line 0: NetworkError: FetchEvent.respondWith() Promise rejected
JavaScript error: , line 0: NetworkError: FetchEvent.respondWith() Promise rejected
JavaScript error: , line 0: NetworkError: FetchEvent.respondWith() Promise rejected
JavaScript error: , line 0: NetworkError: FetchEvent.respondWith() Promise rejected
JavaScript error: , line 0: NetworkError: FetchEvent.respondWith() Promise rejected
JavaScript error: , line 0: NetworkError: FetchEvent.respondWith() Promise rejected
JavaScript error: , line 0: NetworkError: FetchEvent.respondWith() Promise rejected
JavaScript error: , line 0: NetworkError: FetchEvent.respondWith() Promise rejected
JavaScript error: , line 0: NetworkError: FetchEvent.respondWith() Promise rejected
JavaScript error: , line 0: NetworkError: FetchEvent.respondWith() Promise rejected
JavaScript error: , line 0: NetworkError: FetchEvent.respondWith() Promise rejected
JavaScript error: , line 0: NetworkError: FetchEvent.respondWith() Promise rejected
JavaScript error: , line 0: NetworkError: FetchEvent.respondWith() Promise rejected
JavaScript error: , line 0: NetworkError: FetchEvent.respondWith() Promise rejected
JavaScript error: , line 0: NetworkError: FetchEvent.respondWith() Promise rejected
JavaScript error: , line 0: NetworkError: FetchEvent.respondWith() Promise rejected
JavaScript error: , line 0: NetworkError: FetchEvent.respondWith() Promise rejected
JavaScript error: , line 0: NetworkError: FetchEvent.respondWith() Promise rejected
JavaScript error: , line 0: NetworkError: FetchEvent.respondWith() Promise rejected
JavaScript error: , line 0: NetworkError: FetchEvent.respondWith() Promise rejected
JavaScript error: , line 0: NetworkError: FetchEvent.respondWith() Promise rejected
JavaScript error: , line 0: NetworkError: FetchEvent.respondWith() Promise rejected
JavaScript error: , line 0: NetworkError: FetchEvent.respondWith() Promise rejected
JavaScript error: , line 0: NetworkError: FetchEvent.respondWith() Promise rejected
JavaScript error: , line 0: NetworkError: FetchEvent.respondWith() Promise rejected
JavaScript error: , line 0: NetworkError: FetchEvent.respondWith() Promise rejected
JavaScript error: , line 0: NetworkError: FetchEvent.respondWith() Promise rejected
JavaScript error: , line 0: NetworkError: FetchEvent.respondWith() Promise rejected
JavaScript error: , line 0: NetworkError: FetchEvent.respondWith() Promise rejected
JavaScript error: , line 0: NetworkError: FetchEvent.respondWith() Promise rejected
JavaScript error: resource://gre/modules/UrlClassifierListManager.jsm, line 691: TypeError: this.tablesData[table] is undefined
